Loaded file data/nor_smi2/nor_smi3.lstm, unpacking...
Warning: LSTMTrainer deserialized an LSTMRecognizer!
Code range changed from 137 to 137!
Num (Extended) outputs,weights in Series:
  1,48,0,1:1, 0
Num (Extended) outputs,weights in Series:
  C3,3:9, 0
  Ft16:16, 160
Total weights = 160
  [C3,3Ft16]:16, 160
  Mp3,3:16, 0
  TxyLfys64:64, 20736
  Lfx96:96, 61824
  RxLrx96:96, 74112
  Lfx512:512, 1247232
  Fc137:137, 70281
Total weights = 1474345
Previous null char=136 mapped to 136
Continuing from data/nor_smi2/nor_smi3.lstm
2 Percent improvement time=4, best error was 100 @ 0
At iteration 4/100/100, mean rms=0.166%, delta=0.112%, BCER train=0.184%, BWER train=1.033%, skip ratio=0.000%, New best BCER = 0.184 Transitioned to stage 1 wrote best model:data/nor_smi3/checkpoints/nor_smi3_0.184_4_100.checkpoint wrote checkpoint.
2 Percent improvement time=7, best error was 100 @ 0
At iteration 7/200/200, mean rms=0.148%, delta=0.069%, BCER train=0.144%, BWER train=0.696%, skip ratio=0.000%, New best BCER = 0.144 wrote best model:data/nor_smi3/checkpoints/nor_smi3_0.144_7_200.checkpoint wrote checkpoint.
At iteration 10/300/300, mean rms=0.164%, delta=0.203%, BCER train=0.773%, BWER train=1.164%, skip ratio=0.000%, New worst BCER = 0.773 wrote checkpoint.
At iteration 13/400/400, mean rms=0.166%, delta=0.159%, BCER train=0.636%, BWER train=1.159%, skip ratio=0.000%, New worst BCER = 0.636 wrote checkpoint.
At iteration 21/500/500, mean rms=0.179%, delta=0.148%, BCER train=0.552%, BWER train=1.386%, skip ratio=0.000%, New worst BCER = 0.552 wrote checkpoint.
At iteration 22/600/600, mean rms=0.182%, delta=0.181%, BCER train=0.598%, BWER train=1.438%, skip ratio=0.000%, New worst BCER = 0.598 wrote checkpoint.
At iteration 24/700/700, mean rms=0.176%, delta=0.160%, BCER train=0.546%, BWER train=1.494%, skip ratio=0.000%, New worst BCER = 0.546 wrote checkpoint.
At iteration 28/800/800, mean rms=0.176%, delta=0.157%, BCER train=0.531%, BWER train=1.651%, skip ratio=0.000%, New worst BCER = 0.531 wrote checkpoint.
At iteration 30/900/900, mean rms=0.182%, delta=0.142%, BCER train=0.511%, BWER train=1.755%, skip ratio=0.000%, New worst BCER = 0.511 wrote checkpoint.
At iteration 34/1000/1000, mean rms=0.183%, delta=0.132%, BCER train=0.511%, BWER train=1.814%, skip ratio=0.000%, New worst BCER = 0.511 wrote checkpoint.
At iteration 34/1100/1100, mean rms=0.177%, delta=0.121%, BCER train=0.493%, BWER train=1.710%, skip ratio=0.000%, New worst BCER = 0.493 wrote checkpoint.
At iteration 34/1200/1200, mean rms=0.173%, delta=0.118%, BCER train=0.483%, BWER train=1.674%, skip ratio=0.000%, New worst BCER = 0.483 wrote checkpoint.
At iteration 34/1300/1300, mean rms=0.163%, delta=0.071%, BCER train=0.279%, BWER train=1.464%, skip ratio=0.000%, New worst BCER = 0.279 wrote checkpoint.
At iteration 35/1400/1400, mean rms=0.159%, delta=0.073%, BCER train=0.277%, BWER train=1.417%, skip ratio=0.000%, New worst BCER = 0.277 wrote checkpoint.
At iteration 35/1500/1500, mean rms=0.148%, delta=0.062%, BCER train=0.264%, BWER train=1.252%, skip ratio=0.000%, New worst BCER = 0.264 wrote checkpoint.
At iteration 36/1600/1600, mean rms=0.140%, delta=0.029%, BCER train=0.185%, BWER train=1.095%, skip ratio=0.000%, New worst BCER = 0.185 wrote checkpoint.
At iteration 36/1700/1700, mean rms=0.140%, delta=0.026%, BCER train=0.189%, BWER train=1.052%, skip ratio=0.000%, New worst BCER = 0.189 wrote checkpoint.
At iteration 38/1800/1800, mean rms=0.138%, delta=0.015%, BCER train=0.163%, BWER train=0.877%, skip ratio=0.000%, New worst BCER = 0.163 wrote checkpoint.
At iteration 38/1900/1900, mean rms=0.133%, delta=0.013%, BCER train=0.151%, BWER train=0.888%, skip ratio=0.000%, New worst BCER = 0.151 wrote checkpoint.
2 Percent improvement time=38, best error was 100 @ 0
At iteration 38/2000/2000, mean rms=0.130%, delta=0.009%, BCER train=0.119%, BWER train=0.782%, skip ratio=0.000%, New best BCER = 0.119 wrote best model:data/nor_smi3/checkpoints/nor_smi3_0.119_38_2000.checkpoint wrote checkpoint.
At iteration 46/2100/2100, mean rms=0.156%, delta=0.042%, BCER train=0.281%, BWER train=1.535%, skip ratio=0.000%, New worst BCER = 0.281 wrote checkpoint.
At iteration 56/2200/2200, mean rms=0.186%, delta=0.098%, BCER train=0.446%, BWER train=2.160%, skip ratio=0.000%, New worst BCER = 0.446 wrote checkpoint.
At iteration 69/2300/2300, mean rms=0.215%, delta=0.172%, BCER train=0.733%, BWER train=3.125%, skip ratio=0.000%, New worst BCER = 0.733 wrote checkpoint.
At iteration 88/2400/2400, mean rms=0.255%, delta=0.277%, BCER train=1.093%, BWER train=4.373%, skip ratio=0.000%, New worst BCER = 1.093 wrote checkpoint.
At iteration 100/2500/2500, mean rms=0.279%, delta=0.316%, BCER train=1.323%, BWER train=5.253%, skip ratio=0.000%, New worst BCER = 1.323 wrote checkpoint.
At iteration 113/2600/2600, mean rms=0.304%, delta=0.385%, BCER train=1.548%, BWER train=6.083%, skip ratio=0.000%, New worst BCER = 1.548 wrote checkpoint.
At iteration 123/2700/2700, mean rms=0.325%, delta=0.486%, BCER train=1.713%, BWER train=6.509%, skip ratio=0.000%, New worst BCER = 1.713 wrote checkpoint.
At iteration 134/2800/2800, mean rms=0.345%, delta=0.546%, BCER train=1.990%, BWER train=7.296%, skip ratio=0.000%, New worst BCER = 1.990 wrote checkpoint.
At iteration 141/2900/2900, mean rms=0.363%, delta=0.612%, BCER train=2.208%, BWER train=8.048%, skip ratio=0.000%, New worst BCER = 2.208 wrote checkpoint.
At iteration 143/3000/3000, mean rms=0.374%, delta=0.638%, BCER train=2.284%, BWER train=8.215%, skip ratio=0.000%, New worst BCER = 2.284 wrote checkpoint.
At iteration 148/3100/3100, mean rms=0.359%, delta=0.621%, BCER train=2.190%, BWER train=7.859%, skip ratio=0.000%, New worst BCER = 2.190 wrote checkpoint.
At iteration 149/3200/3200, mean rms=0.332%, delta=0.567%, BCER train=2.028%, BWER train=7.254%, skip ratio=0.000%, New worst BCER = 2.028 wrote checkpoint.
At iteration 151/3300/3300, mean rms=0.312%, delta=0.517%, BCER train=1.771%, BWER train=6.498%, skip ratio=0.000%, New worst BCER = 1.771 wrote checkpoint.
At iteration 152/3400/3400, mean rms=0.270%, delta=0.409%, BCER train=1.393%, BWER train=5.193%, skip ratio=0.000%, New worst BCER = 1.393 wrote checkpoint.
At iteration 152/3500/3500, mean rms=0.244%, delta=0.369%, BCER train=1.153%, BWER train=4.248%, skip ratio=0.000%, New worst BCER = 1.153 wrote checkpoint.
At iteration 152/3600/3600, mean rms=0.218%, delta=0.299%, BCER train=0.925%, BWER train=3.407%, skip ratio=0.000%, New worst BCER = 0.925 wrote checkpoint.
At iteration 152/3700/3700, mean rms=0.194%, delta=0.197%, BCER train=0.736%, BWER train=2.860%, skip ratio=0.000%, New worst BCER = 0.736 wrote checkpoint.
At iteration 152/3800/3800, mean rms=0.168%, delta=0.135%, BCER train=0.443%, BWER train=1.973%, skip ratio=0.000%, New worst BCER = 0.443 wrote checkpoint.
At iteration 153/3900/3900, mean rms=0.142%, delta=0.069%, BCER train=0.205%, BWER train=0.972%, skip ratio=0.000%, New worst BCER = 0.205 wrote checkpoint.
2 Percent improvement time=153, best error was 100 @ 0
At iteration 153/4000/4000, mean rms=0.125%, delta=0.044%, BCER train=0.111%, BWER train=0.702%, skip ratio=0.000%, New best BCER = 0.111 wrote best model:data/nor_smi3/checkpoints/nor_smi3_0.111_153_4000.checkpoint wrote checkpoint.
2 Percent improvement time=154, best error was 100 @ 0
At iteration 154/4100/4100, mean rms=0.114%, delta=0.029%, BCER train=0.048%, BWER train=0.321%, skip ratio=0.000%, New best BCER = 0.048 wrote best model:data/nor_smi3/checkpoints/nor_smi3_0.048_154_4100.checkpoint wrote checkpoint.
2 Percent improvement time=154, best error was 100 @ 0
At iteration 154/4200/4200, mean rms=0.112%, delta=0.027%, BCER train=0.045%, BWER train=0.301%, skip ratio=0.000%, New best BCER = 0.045 wrote best model:data/nor_smi3/checkpoints/nor_smi3_0.045_154_4200.checkpoint wrote checkpoint.
2 Percent improvement time=154, best error was 100 @ 0
At iteration 154/4300/4300, mean rms=0.104%, delta=0.002%, BCER train=0.015%, BWER train=0.092%, skip ratio=0.000%, New best BCER = 0.015 wrote best model:data/nor_smi3/checkpoints/nor_smi3_0.015_154_4300.checkpoint wrote checkpoint.
2 Percent improvement time=154, best error was 100 @ 0
At iteration 154/4400/4400, mean rms=0.100%, delta=0.002%, BCER train=0.013%, BWER train=0.082%, skip ratio=0.000%, New best BCER = 0.013 wrote best model:data/nor_smi3/checkpoints/nor_smi3_0.013_154_4400.checkpoint wrote checkpoint.
At iteration 154/4500/4500, mean rms=0.099%, delta=0.002%, BCER train=0.013%, BWER train=0.082%, skip ratio=0.000%, wrote checkpoint.
At iteration 154/4600/4600, mean rms=0.097%, delta=0.002%, BCER train=0.013%, BWER train=0.082%, skip ratio=0.000%, wrote checkpoint.
2 Percent improvement time=154, best error was 100 @ 0
At iteration 154/4700/4700, mean rms=0.095%, delta=0.002%, BCER train=0.010%, BWER train=0.062%, skip ratio=0.000%, New best BCER = 0.010 wrote best model:data/nor_smi3/checkpoints/nor_smi3_0.010_154_4700.checkpoint wrote checkpoint.
Finished! Selected model with minimal training error rate (BCER) = 0.01
